Determining if the function pthread_create exists in the pthreads failed with the following output:
Change Dir: /home/ga97sah/work/etiss/0.4.3_lite_CortexM0/install/CMakeFiles/CMakeTmp

Run Build Command:/usr/bin/gmake "cmTryCompileExec/fast"
/usr/bin/make -f CMakeFiles/cmTryCompileExec.dir/build.make CMakeFiles/cmTryCompileExec.dir/build
make[1]: Entering directory `/nfs/TUEIEDAprojects/SystemDesign/work/virtualprototyping/YurunWu/etiss/0.4.3_lite_CortexM0/install/CMakeFiles/CMakeTmp'
/usr/bin/cmake -E cmake_progress_report /home/ga97sah/work/etiss/0.4.3_lite_CortexM0/install/CMakeFiles/CMakeTmp/CMakeFiles 1
Building C object CMakeFiles/cmTryCompileExec.dir/CheckFunctionExists.c.o
/usr/bin/gcc   -DCHECK_FUNCTION_EXISTS=pthread_create   -o CMakeFiles/cmTryCompileExec.dir/CheckFunctionExists.c.o   -c /usr/share/cmake-2.8/Modules/CheckFunctionExists.c
Linking C executable cmTryCompileExec
/usr/bin/cmake -E cmake_link_script CMakeFiles/cmTryCompileExec.dir/link.txt --verbose=1
/usr/bin/gcc     -DCHECK_FUNCTION_EXISTS=pthread_create    CMakeFiles/cmTryCompileExec.dir/CheckFunctionExists.c.o  -o cmTryCompileExec -rdynamic -lpthreads 
/usr/bin/ld: cannot find -lpthreads
collect2: ld returned 1 exit status
make[1]: *** [cmTryCompileExec] Error 1
make[1]: Leaving directory `/nfs/TUEIEDAprojects/SystemDesign/work/virtualprototyping/YurunWu/etiss/0.4.3_lite_CortexM0/install/CMakeFiles/CMakeTmp'
make: *** [cmTryCompileExec/fast] Error 2


Determining if the GetProcAddress exist failed with the following output:
Change Dir: /home/ga97sah/work/etiss/0.4.3_lite_CortexM0/install/CMakeFiles/CMakeTmp

Run Build Command:/usr/bin/gmake "cmTryCompileExec/fast"
/usr/bin/make -f CMakeFiles/cmTryCompileExec.dir/build.make CMakeFiles/cmTryCompileExec.dir/build
make[1]: Entering directory `/nfs/TUEIEDAprojects/SystemDesign/work/virtualprototyping/YurunWu/etiss/0.4.3_lite_CortexM0/install/CMakeFiles/CMakeTmp'
/usr/bin/cmake -E cmake_progress_report /home/ga97sah/work/etiss/0.4.3_lite_CortexM0/install/CMakeFiles/CMakeTmp/CMakeFiles 1
Building C object CMakeFiles/cmTryCompileExec.dir/CheckSymbolExists.c.o
/usr/bin/gcc    -o CMakeFiles/cmTryCompileExec.dir/CheckSymbolExists.c.o   -c /home/ga97sah/work/etiss/0.4.3_lite_CortexM0/install/CMakeFiles/CMakeTmp/CheckSymbolExists.c
/home/ga97sah/work/etiss/0.4.3_lite_CortexM0/install/CMakeFiles/CMakeTmp/CheckSymbolExists.c:2:21: fatal error: windows.h: No such file or directory
compilation terminated.
make[1]: *** [CMakeFiles/cmTryCompileExec.dir/CheckSymbolExists.c.o] Error 1
make[1]: Leaving directory `/nfs/TUEIEDAprojects/SystemDesign/work/virtualprototyping/YurunWu/etiss/0.4.3_lite_CortexM0/install/CMakeFiles/CMakeTmp'
make: *** [cmTryCompileExec/fast] Error 2

File /home/ga97sah/work/etiss/0.4.3_lite_CortexM0/install/CMakeFiles/CMakeTmp/CheckSymbolExists.c:
/* */
#include <windows.h>

void cmakeRequireSymbol(int dummy,...){(void)dummy;}
int main()
{
#ifndef GetProcAddress
  cmakeRequireSymbol(0,&GetProcAddress);
#endif
  return 0;
}

Performing C++ SOURCE FILE Test ETISS_USE_CXX11 failed with the following output:
Change Dir: /home/ga97sah/work/etiss/0.4.3_lite_CortexM0/install/CMakeFiles/CMakeTmp

Run Build Command:/usr/bin/gmake "cmTryCompileExec/fast"
/usr/bin/make -f CMakeFiles/cmTryCompileExec.dir/build.make CMakeFiles/cmTryCompileExec.dir/build
make[1]: Entering directory `/nfs/TUEIEDAprojects/SystemDesign/work/virtualprototyping/YurunWu/etiss/0.4.3_lite_CortexM0/install/CMakeFiles/CMakeTmp'
/usr/bin/cmake -E cmake_progress_report /home/ga97sah/work/etiss/0.4.3_lite_CortexM0/install/CMakeFiles/CMakeTmp/CMakeFiles 1
Building CXX object CMakeFiles/cmTryCompileExec.dir/src.cxx.o
/usr/bin/c++    -DETISS_USE_CXX11   -std=c++11 -o CMakeFiles/cmTryCompileExec.dir/src.cxx.o -c /home/ga97sah/work/etiss/0.4.3_lite_CortexM0/install/CMakeFiles/CMakeTmp/src.cxx
cc1plus: error: unrecognized command line option ‘-std=c++11’
make[1]: *** [CMakeFiles/cmTryCompileExec.dir/src.cxx.o] Error 1
make[1]: Leaving directory `/nfs/TUEIEDAprojects/SystemDesign/work/virtualprototyping/YurunWu/etiss/0.4.3_lite_CortexM0/install/CMakeFiles/CMakeTmp'
make: *** [cmTryCompileExec/fast] Error 2

Source file was:
int main() { return 0;}
Determining if the system is big endian passed with the following output:
Change Dir: /home/ga97sah/work/etiss/0.4.3_lite_CortexM0/install/CMakeFiles/CMakeTmp

Run Build Command:/usr/bin/gmake "cmTryCompileExec/fast"
/usr/bin/make -f CMakeFiles/cmTryCompileExec.dir/build.make CMakeFiles/cmTryCompileExec.dir/build
make[1]: Entering directory `/nfs/TUEIEDAprojects/SystemDesign/work/virtualprototyping/YurunWu/etiss/0.4.3_lite_CortexM0/install/CMakeFiles/CMakeTmp'
/usr/bin/cmake -E cmake_progress_report /home/ga97sah/work/etiss/0.4.3_lite_CortexM0/install/CMakeFiles/CMakeTmp/CMakeFiles 1
Building C object CMakeFiles/cmTryCompileExec.dir/TestEndianess.c.o
/usr/bin/gcc    -o CMakeFiles/cmTryCompileExec.dir/TestEndianess.c.o   -c /home/ga97sah/work/etiss/0.4.3_lite_CortexM0/install/CMakeFiles/CMakeTmp/TestEndianess.c
Linking C executable cmTryCompileExec
/usr/bin/cmake -E cmake_link_script CMakeFiles/cmTryCompileExec.dir/link.txt --verbose=1
/usr/bin/gcc         CMakeFiles/cmTryCompileExec.dir/TestEndianess.c.o  -o cmTryCompileExec -rdynamic 
make[1]: Leaving directory `/nfs/TUEIEDAprojects/SystemDesign/work/virtualprototyping/YurunWu/etiss/0.4.3_lite_CortexM0/install/CMakeFiles/CMakeTmp'

TestEndianess.c:
/* A 16 bit integer is required. */
typedef unsigned short cmakeint16;

/* On a little endian machine, these 16bit ints will give "THIS IS LITTLE ENDIAN."
   On a big endian machine the characters will be exchanged pairwise. */
const cmakeint16 info_little[] =  {0x4854, 0x5349, 0x4920, 0x2053, 0x494c, 0x5454, 0x454c, 0x4520, 0x444e, 0x4149, 0x2e4e, 0x0000};

/* on a big endian machine, these 16bit ints will give "THIS IS BIG ENDIAN."
   On a little endian machine the characters will be exchanged pairwise. */
const cmakeint16 info_big[] =     {0x5448, 0x4953, 0x2049, 0x5320, 0x4249, 0x4720, 0x454e, 0x4449, 0x414e, 0x2e2e, 0x0000};

#ifdef __CLASSIC_C__
int main(argc, argv) int argc; char *argv[];
#else
int main(int argc, char *argv[])
#endif
{
  int require = 0;
  require += info_little[argc];
  require += info_big[argc];
  (void)argv;
  return require;
}


